[    0.000000] Initializing cgroup subsys cpuset
[    0.000000] Initializing cgroup subsys cpu
[    0.000000] Initializing cgroup subsys cpuacct
[    0.000000] Linux version 4.4.0-193-generic (buildd@lgw01-amd64-024) (gcc version 5.4.0 20160609 (Ubuntu 5.4.0-6ubuntu1~16.04.12) ) #224-Ubuntu SMP Tue Oct 6 17:15:28 UTC 2020 (Ubuntu 4.4.0-193.224-generic 4.4.236)
[    0.000000] Command line: BOOT_IMAGE=/boot/vmlinuz-4.4.0-193-generic root=UUID=8b4521ed-e76e-42dd-b204-962cf3cf52b3 ro console=tty1 console=ttyS0
[    0.000000] KERNEL supported cpus:
[    0.000000]   Intel GenuineIntel
[    0.000000]   AMD AuthenticAMD
[    0.000000]   Centaur CentaurHauls
[    0.000000] x86/fpu: xstate_offset[2]:  576, xstate_sizes[2]:  256
[    0.000000] x86/fpu: Supporting XSAVE feature 0x01: 'x87 floating point registers'
[    0.000000] x86/fpu: Supporting XSAVE feature 0x02: 'SSE registers'
[    0.000000] x86/fpu: Supporting XSAVE feature 0x04: 'AVX registers'
[    0.000000] x86/fpu: Enabled xstate features 0x7, context size is 832 bytes, using 'standard' format.
[    0.000000] e820: BIOS-provided physical RAM map:
[    0.000000] BIOS-e820: [mem 0x0000000000000000-0x000000000009fbff] usable
[    0.000000] BIOS-e820: [mem 0x000000000009fc00-0x000000000009ffff] reserved
[    0.000000] BIOS-e820: [mem 0x00000000000f0000-0x00000000000fffff] reserved
[    0.000000] BIOS-e820: [mem 0x0000000000100000-0x000000003ffeffff] usable
[    0.000000] BIOS-e820: [mem 0x000000003fff0000-0x000000003fffffff] ACPI data
[    0.000000] BIOS-e820: [mem 0x00000000fec00000-0x00000000fec00fff] reserved
[    0.000000] BIOS-e820: [mem 0x00000000fee00000-0x00000000fee00fff] reserved
[    0.000000] BIOS-e820: [mem 0x00000000fffc0000-0x00000000ffffffff] reserved
[    0.000000] NX (Execute Disable) protection: active
[    0.000000] SMBIOS 2.5 present.
[    0.000000] Hypervisor detected: KVM
[    0.000000] e820: last_pfn = 0x3fff0 max_arch_pfn = 0x400000000
[    0.000000] MTRR: Disabled
[    0.000000] x86/PAT: MTRRs disabled, skipping PAT initialization too.
[    0.000000] CPU MTRRs all blank - virtualized system.
[    0.000000] x86/PAT: Configuration [0-7]: WB  WT  UC- UC  WB  WT  UC- UC  
[    0.000000] found SMP MP-table at [mem 0x0009fff0-0x0009ffff] mapped at [ffff88000009fff0]
[    0.000000] Scanning 1 areas for low memory corruption
[    0.000000] RAMDISK: [mem 0x361ca000-0x370dcfff]
[    0.000000] ACPI: Early table checksum verification disabled
[    0.000000] ACPI: RSDP 0x00000000000E0000 000024 (v02 VBOX  )
[    0.000000] ACPI: XSDT 0x000000003FFF0030 00003C (v01 VBOX   VBOXXSDT 00000001 ASL  00000061)
[    0.000000] ACPI: FACP 0x000000003FFF00F0 0000F4 (v04 VBOX   VBOXFACP 00000001 ASL  00000061)
[    0.000000] ACPI: DSDT 0x000000003FFF0470 002325 (v02 VBOX   VBOXBIOS 00000002 INTL 20100528)
[    0.000000] ACPI: FACS 0x000000003FFF0200 000040
[    0.000000] ACPI: FACS 0x000000003FFF0200 000040
[    0.000000] ACPI: APIC 0x000000003FFF0240 00005C (v02 VBOX   VBOXAPIC 00000001 ASL  00000061)
[    0.000000] ACPI: SSDT 0x000000003FFF02A0 0001CC (v01 VBOX   VBOXCPUT 00000002 INTL 20100528)
[    0.000000] No NUMA configuration found
[    0.000000] Faking a node at [mem 0x0000000000000000-0x000000003ffeffff]
[    0.000000] NODE_DATA(0) allocated [mem 0x3ffeb000-0x3ffeffff]
[    0.000000] kvm-clock: Using msrs 4b564d01 and 4b564d00
[    0.000000] kvm-clock: cpu 0, msr 0:3ffe3001, primary cpu clock
[    0.000000] kvm-clock: using sched offset of 6206833705 cycles
[    0.000000] clocksource: kvm-clock: mask: 0xffffffffffffffff max_cycles: 0x1cd42e4dffb, max_idle_ns: 881590591483 ns
[    0.000000] Zone ranges:
[    0.000000]   DMA      [mem 0x0000000000001000-0x0000000000ffffff]
[    0.000000]   DMA32    [mem 0x0000000001000000-0x000000003ffeffff]
[    0.000000]   Normal   empty
[    0.000000]   Device   empty
[    0.000000] Movable zone start for each node
[    0.000000] Early memory node ranges
[    0.000000]   node   0: [mem 0x0000000000001000-0x000000000009efff]
[    0.000000]   node   0: [mem 0x0000000000100000-0x000000003ffeffff]
[    0.000000] Initmem setup node 0 [mem 0x0000000000001000-0x000000003ffeffff]
[    0.000000] ACPI: PM-Timer IO Port: 0x4008
[    0.000000] IOAPIC[0]: apic_id 2, version 32, address 0xfec00000, GSI 0-23
[    0.000000] ACPI: INT_SRC_OVR (bus 0 bus_irq 0 global_irq 2 dfl dfl)
[    0.000000] ACPI: INT_SRC_OVR (bus 0 bus_irq 9 global_irq 9 low level)
[    0.000000] Using ACPI (MADT) for SMP configuration information
[    0.000000] smpboot: Allowing 2 CPUs, 0 hotplug CPUs
[    0.000000] PM: Registered nosave memory: [mem 0x00000000-0x00000fff]
[    0.000000] PM: Registered nosave memory: [mem 0x0009f000-0x0009ffff]
[    0.000000] PM: Registered nosave memory: [mem 0x000a0000-0x000effff]
[    0.000000] PM: Registered nosave memory: [mem 0x000f0000-0x000fffff]
[    0.000000] e820: [mem 0x40000000-0xfebfffff] available for PCI devices
[    0.000000] Booting paravirtualized kernel on KVM
[    0.000000] clocksource: refined-jiffies: mask: 0xffffffff max_cycles: 0xffffffff, max_idle_ns: 7645519600211568 ns
[    0.000000] setup_percpu: NR_CPUS:512 nr_cpumask_bits:512 nr_cpu_ids:2 nr_node_ids:1
[    0.000000] PERCPU: Embedded 33 pages/cpu @ffff88003fc00000 s95512 r8192 d31464 u1048576
[    0.000000] Built 1 zonelists in Node order, mobility grouping on.  Total pages: 257912
[    0.000000] Policy zone: DMA32
[    0.000000] Kernel command line: BOOT_IMAGE=/boot/vmlinuz-4.4.0-193-generic root=UUID=8b4521ed-e76e-42dd-b204-962cf3cf52b3 ro console=tty1 console=ttyS0
[    0.000000] PID hash table entries: 4096 (order: 3, 32768 bytes)
[    0.000000] Memory: 997108K/1048120K available (8640K kernel code, 1337K rwdata, 4040K rodata, 1492K init, 1296K bss, 51012K reserved, 0K cma-reserved)
[    0.000000] SLUB: HWalign=64, Order=0-3, MinObjects=0, CPUs=2, Nodes=1
[    0.000000] Kernel/User page tables isolation: enabled
[    0.000000] Hierarchical RCU implementation.
[    0.000000] 	Build-time adjustment of leaf fanout to 64.
[    0.000000] 	RCU restricting CPUs from NR_CPUS=512 to nr_cpu_ids=2.
[    0.000000] RCU: Adjusting geometry for rcu_fanout_leaf=64, nr_cpu_ids=2
[    0.000000] NR_IRQS:33024 nr_irqs:440 16
[    0.000000] Console: colour VGA+ 80x25
[    0.000000] console [tty1] enabled
[    0.000000] console [ttyS0] enabled
[    0.000000] tsc: Detected 2693.860 MHz processor
[    0.600781] Calibrating delay loop (skipped) preset value.. 5387.72 BogoMIPS (lpj=10775440)
[    0.609385] pid_max: default: 32768 minimum: 301
[    0.614255] ACPI: Core revision 20150930
[    0.619112] ACPI: 2 ACPI AML tables successfully acquired and loaded
[    0.625616] Security Framework initialized
[    0.629641] Yama: becoming mindful.
[    0.633166] AppArmor: AppArmor initialized
[    0.637373] Dentry cache hash table entries: 131072 (order: 8, 1048576 bytes)
[    0.646065] Inode-cache hash table entries: 65536 (order: 7, 524288 bytes)
[    0.652752] Mount-cache hash table entries: 2048 (order: 2, 16384 bytes)
[    0.659202] Mountpoint-cache hash table entries: 2048 (order: 2, 16384 bytes)
[    0.666291] Initializing cgroup subsys io
[    0.670257] Initializing cgroup subsys memory
[    0.674567] Initializing cgroup subsys devices
[    0.679042] Initializing cgroup subsys freezer
[    0.683425] Initializing cgroup subsys net_cls
[    0.687793] Initializing cgroup subsys perf_event
[    0.692353] Initializing cgroup subsys net_prio
[    0.698503] Initializing cgroup subsys hugetlb
[    0.702892] Initializing cgroup subsys pids
[    0.707485] mce: CPU supports 0 MCE banks
[    0.711583] Last level iTLB entries: 4KB 512, 2MB 8, 4MB 8
[    0.717033] Last level dTLB entries: 4KB 512, 2MB 32, 4MB 32, 1GB 0
[    0.723054] Spectre V1 : Mitigation: usercopy/swapgs barriers and __user pointer sanitization
[    0.731282] Spectre V2 : Mitigation: Full generic retpoline
[    0.736648] Spectre V2 : Spectre v2 / SpectreRSB mitigation: Filling RSB on context switch
[    0.744648] Speculative Store Bypass: Vulnerable
[    0.749191] SRBDS: Unknown: Dependent on hypervisor status
[    0.754573] MDS: Mitigation: Clear CPU buffers
[    0.762299] Freeing SMP alternatives memory: 36K
[    0.773640] ftrace: allocating 32346 entries in 127 pages
[    0.845869] smpboot: APIC(0) Converting physical 0 to logical package 0
[    0.852382] smpboot: Max logical packages: 1
[    0.856784] x2apic enabled
[    0.859787] Switched APIC routing to physical x2apic.
[    0.865995] ..TIMER: vector=0x30 apic1=0 pin1=2 apic2=-1 pin2=-1
[    0.980195] smpboot: CPU0: Intel(R) Core(TM) i5-3330S CPU @ 2.70GHz (family: 0x6, model: 0x3a, stepping: 0x9)
[    0.992074] Performance Events: unsupported p6 CPU model 58 no PMU driver, software events only.
[    1.017605] KVM setup paravirtual spinlock
[    1.023309] x86: Booting SMP configuration:
[    1.027533] .... node  #0, CPUs:      #1
[    1.031719] kvm-clock: cpu 1, msr 0:3ffe3041, secondary cpu clock
[    1.037908] mce: CPU supports 0 MCE banks
[    1.043616] x86: Booted up 1 node, 2 CPUs
[    1.047764] smpboot: Total of 2 processors activated (10775.44 BogoMIPS)
[    1.054702] devtmpfs: initialized
[    1.059755] evm: security.selinux
[    1.063086] evm: security.SMACK64
[    1.066468] evm: security.SMACK64EXEC
[    1.070041] evm: security.SMACK64TRANSMUTE
[    1.074115] evm: security.SMACK64MMAP
[    1.077775] evm: security.ima
[    1.080734] evm: security.capability
[    1.084487] clocksource: jiffies: mask: 0xffffffff max_cycles: 0xffffffff, max_idle_ns: 7645041785100000 ns
[    1.093644] futex hash table entries: 512 (order: 3, 32768 bytes)
[    1.099721] pinctrl core: initialized pinctrl subsystem
[    1.104850] RTC time:  7:45:47, date: 11/02/20
[    1.109470] NET: Registered protocol family 16
[    1.123474] cpuidle: using governor ladder
[    1.139089] cpuidle: using governor menu
[    1.143105] PCCT header not found.
[    1.146592] ACPI: bus type PCI registered
[    1.150575] acpiphp: ACPI Hot Plug PCI Controller Driver version: 0.5
[    1.156922] PCI: Using configuration type 1 for base access
[    1.176040] ACPI: Added _OSI(Module Device)
[    1.180838] ACPI: Added _OSI(Processor Device)
[    1.185210] ACPI: Added _OSI(3.0 _SCP Extensions)
[    1.189827] ACPI: Added _OSI(Processor Aggregator Device)
[    1.196030] ACPI: Executed 1 blocks of module-level executable AML code
[    1.204869] ACPI: Interpreter enabled
[    1.208575] ACPI: (supports S0 S5)
[    1.212107] ACPI: Using IOAPIC for interrupt routing
[    1.217234] PCI: Using host bridge windows from ACPI; if necessary, use "pci=nocrs" and report a bug
[    1.232244] ACPI: PCI Root Bridge [PCI0] (domain 0000 [bus 00-ff])
[    1.238236] acpi PNP0A03:00: _OSC: OS supports [ASPM ClockPM Segments MSI]
[    1.244956] acpi PNP0A03:00: _OSC: not requesting OS control; OS requires [ExtendedConfig ASPM ClockPM MSI]
[    1.254124] acpi PNP0A03:00: fail to add MMCONFIG information, can't access extended PCI configuration space under this bridge.
[    1.265764] PCI host bridge to bus 0000:00
[    1.269703] pci_bus 0000:00: root bus resource [io  0x0000-0x0cf7 window]
[    1.276105] pci_bus 0000:00: root bus resource [io  0x0d00-0xffff window]
[    1.282543] pci_bus 0000:00: root bus resource [mem 0x000a0000-0x000bffff window]
[    1.289806] pci_bus 0000:00: root bus resource [mem 0x40000000-0xfdffffff window]
[    1.297088] pci_bus 0000:00: root bus resource [bus 00-ff]
[    1.306506] pci 0000:00:01.1: legacy IDE quirk: reg 0x10: [io  0x01f0-0x01f7]
[    1.313141] pci 0000:00:01.1: legacy IDE quirk: reg 0x14: [io  0x03f6]
[    1.319422] pci 0000:00:01.1: legacy IDE quirk: reg 0x18: [io  0x0170-0x0177]
[    1.337041] pci 0000:00:01.1: legacy IDE quirk: reg 0x1c: [io  0x0376]
[    1.365721] pci 0000:00:07.0: quirk: [io  0x4000-0x403f] claimed by PIIX4 ACPI
[    1.374696] pci 0000:00:07.0: quirk: [io  0x4100-0x410f] claimed by PIIX4 SMB
[    1.396340] ACPI: PCI Interrupt Link [LNKA] (IRQs 5 9 10 *11)
[    1.404401] ACPI: PCI Interrupt Link [LNKB] (IRQs 5 9 *10 11)
[    1.410907] ACPI: PCI Interrupt Link [LNKC] (IRQs 5 *9 10 11)
[    1.417651] ACPI: PCI Interrupt Link [LNKD] (IRQs 5 9 10 *11)
[    1.424716] ACPI: Enabled 2 GPEs in block 00 to 07
[    1.430308] vgaarb: setting as boot device: PCI:0000:00:02.0
[    1.436657] vgaarb: device added: PCI:0000:00:02.0,decodes=io+mem,owns=io+mem,locks=none
[    1.445775] vgaarb: loaded
[    1.448697] vgaarb: bridge control possible 0000:00:02.0
[    1.455171] SCSI subsystem initialized
[    1.459290] ACPI: bus type USB registered
[    1.463456] usbcore: registered new interface driver usbfs
[    1.469665] usbcore: registered new interface driver hub
[    1.475051] usbcore: registered new device driver usb
[    1.480725] PCI: Using ACPI for IRQ routing
[    1.487676] NetLabel: Initializing
[    1.491171] NetLabel:  domain hash size = 128
[    1.495774] NetLabel:  protocols = UNLABELED CIPSOv4
[    1.500693] NetLabel:  unlabeled traffic allowed by default
[    1.506296] amd_nb: Cannot enumerate AMD northbridges
[    1.511929] clocksource: Switched to clocksource kvm-clock
[    1.527418] AppArmor: AppArmor Filesystem Enabled
[    1.532248] pnp: PnP ACPI init
[    1.536813] pnp: PnP ACPI: found 3 devices
[    1.551812] clocksource: acpi_pm: mask: 0xffffff max_cycles: 0xffffff, max_idle_ns: 2085701024 ns
[    1.560464] NET: Registered protocol family 2
[    1.564894] TCP established hash table entries: 8192 (order: 4, 65536 bytes)
[    1.571636] TCP bind hash table entries: 8192 (order: 5, 131072 bytes)
[    1.577915] TCP: Hash tables configured (established 8192 bind 8192)
[    1.583927] UDP hash table entries: 512 (order: 2, 16384 bytes)
[    1.589593] UDP-Lite hash table entries: 512 (order: 2, 16384 bytes)
[    1.595747] NET: Registered protocol family 1
[    1.600065] pci 0000:00:00.0: Limiting direct PCI/PCI transfers
[    1.605880] pci 0000:00:01.0: Activating ISA DMA hang workarounds
[    1.611999] Unpacking initramfs...
[    1.909893] Freeing initrd memory: 15436K
[    1.915344] RAPL PMU detected, API unit is 2^-32 Joules, 3 fixed counters 10737418240 ms ovfl timer
[    1.924678] hw unit of domain pp0-core 2^-0 Joules
[    1.929962] hw unit of domain package 2^-0 Joules
[    1.934854] hw unit of domain pp1-gpu 2^-0 Joules
[    1.939880] clocksource: tsc: mask: 0xffffffffffffffff max_cycles: 0x26d495e7549, max_idle_ns: 440795226485 ns
[    1.949681] platform rtc_cmos: registered platform RTC device (no PNP device found)
[    1.957247] Scanning for low memory corruption every 60 seconds
[    1.963491] audit: initializing netlink subsys (disabled)
[    1.968829] audit: type=2000 audit(1604303155.248:1): initialized
[    1.974853] Initialise system trusted keyring
[    1.979321] HugeTLB registered 2 MB page size, pre-allocated 0 pages
[    1.986565] zbud: loaded
[    1.989714] VFS: Disk quotas dquot_6.6.0
[    1.993603] VFS: Dquot-cache hash table entries: 512 (order 0, 4096 bytes)
[    2.000519] squashfs: version 4.0 (2009/01/31) Phillip Lougher
[    2.006610] fuse init (API version 7.23)
[    2.010710] Key type big_key registered
[    2.014661] Allocating IMA MOK and blacklist keyrings.
[    2.022141] Key type asymmetric registered
[    2.026370] Asymmetric key parser 'x509' registered
[    2.031242] Block layer SCSI generic (bsg) driver version 0.4 loaded (major 249)
[    2.038585] io scheduler noop registered
[    2.042471] io scheduler deadline registered (default)
[    2.047421] io scheduler cfq registered
[    2.051248] pci_hotplug: PCI Hot Plug PCI Core version: 0.5
[    2.056592] pciehp: PCI Express Hot Plug Controller Driver version: 0.4
[    2.063484] ACPI: AC Adapter [AC] (on-line)
[    2.068198] input: Power Button as /devices/LNXSYSTM:00/LNXPWRBN:00/input/input0
[    2.075885] ACPI: Power Button [PWRF]
[    2.079703] input: Sleep Button as /devices/LNXSYSTM:00/LNXSLPBN:00/input/input1
[    2.086877] ACPI: Sleep Button [SLPF]
[    2.090950] GHES: HEST is not enabled!
[    2.094880] Serial: 8250/16550 driver, 32 ports, IRQ sharing enabled
[    2.12217] 00:02: tyS0 at I/O x3f8 (irq = , base_baud  115200) is  16550A
    2.139312]Linux agpgartinterface v0.03
[    2.147444] loop: module loaded
[    2.151615] scsi host0: ata_piix
[    2.155280] scsi host1: ata_piix
[    2.158585] ata1: PATA max UDMA/33 cmd 0x1f0 ctl 0x3f6 bmdma 0xd000 irq 14
[    2.166041] ata2: PATA max UDMA/33 cmd 0x170 ctl 0x376 bmdma 0xd008 irq 15
[    2.173707] libphy: Fixed MDIO Bus: probed
[    2.178988] tun: Universal TUN/TAP device driver, 1.6
[    2.184234] tun: (C) 1999-2004 Max Krasnyansky <maxk@qualcomm.com>
[    2.191007] PPP generic driver version 2.4.2
[    2.195837] ehci_hcd: USB 2.0 'Enhanced' Host Controller (EHCI) Driver
[    2.202424] ehci-pci: EHCI PCI platform driver
[    2.206812] ehci-platform: EHCI generic platform driver
[    2.211907] ohci_hcd: USB 1.1 'Open' Host Controller (OHCI) Driver
[    2.217874] ohci-pci: OHCI PCI platform driver
[    2.222254] ohci-platform: OHCI generic platform driver
[    2.227309] uhci_hcd: USB Universal Host Controller Interface driver
[    2.233490] i8042: PNP: PS/2 Controller [PNP0303:PS2K,PNP0f03:PS2M] at 0x60,0x64 irq 1,12
[    2.241950] serio: i8042 KBD port at 0x60,0x64 irq 1
[    2.246896] serio: i8042 AUX port at 0x60,0x64 irq 12
[    2.251918] mousedev: PS/2 mouse device common for all mice
[    2.258101] rtc_cmos rtc_cmos: rtc core: registered rtc_cmos as rtc0
[    2.264247] input: AT Translated Set 2 keyboard as /devices/platform/i8042/serio0/input/input2
[    2.272680] rtc_cmos rtc_cmos: alarms up to one day, 114 bytes nvram
[    2.278876] i2c /dev entries driver
[    2.282464] device-mapper: uevent: version 1.0.3
[    2.287272] device-mapper: ioctl: 4.34.0-ioctl (2015-10-28) initialised: dm-devel@redhat.com
[    2.295483] ledtrig-cpu: registered to indicate activity on CPUs
[    2.301852] NET: Registered protocol family 10
[    2.306551] NET: Registered protocol family 17
[    2.310912] Key type dns_resolver registered
[    2.315728] registered taskstats version 1
[    2.319754] Loading compiled-in X.509 certificates
[    2.325320] Loaded X.509 cert 'Build time autogenerated kernel key: 399ad61e9457a71f6b31060684c17f14836880c9'
[    2.358407] zswap: loaded using pool lzo/zbud
[    2.365014] Key type trusted registered
[    2.373210] Key type encrypted registered
[    2.377184] AppArmor: AppArmor sha1 policy hashing enabled
[    2.382428] ima: No TPM chip found, activating TPM-bypass!
[    2.387783] ima: Allocated hash algorithm: sha1
[    2.392234] evm: HMAC attrs: 0x1
[    2.396339]   Magic number: 12:157:773
[    2.400243] rtc_cmos rtc_cmos: setting system clock to 2020-11-02 07:45:48 UTC (1604303148)
[    2.408629] BIOS EDD facility v0.16 2004-Jun-25, 0 devices found
[    2.414392] EDD information not available.
[    2.419869] Freeing unused kernel memory: 1492K
[    2.440143] Write protecting the kernel read-only data: 14336k
[    2.446250] Freeing unused kernel memory: 1588K
[    2.450999] Freeing unused kernel memory: 56K
Loading, please wait...
starting version 229
[    2.471621] random: systemd-udevd: uninitialized urandom read (16 bytes read, 3 bits of entropy available)
[    2.472968] random: udevadm: uninitialized urandom read (16 bytes read, 3 bits of entropy available)
[    2.473031] random: udevadm: uninitialized urandom read (16 bytes read, 3 bits of entropy available)
[    2.493497] random: udevadm: uninitialized urandom read (16 bytes read, 3 bits of entropy available)
[    2.493613] random: udevadm: uninitialized urandom read (16 bytes read, 3 bits of entropy available)
[    2.493957] random: udevadm: uninitialized urandom read (16 bytes read, 3 bits of entropy available)
[    2.494098] random: udevadm: uninitialized urandom read (16 bytes read, 3 bits of entropy available)
[    2.494236] random: udevadm: uninitialized urandom read (16 bytes read, 3 bits of entropy available)
[    2.494347] random: udevadm: uninitialized urandom read (16 bytes read, 3 bits of entropy available)
[    2.494482] random: udevadm: uninitialized urandom read (16 bytes read, 3 bits of entropy available)
[    2.599144] e1000: Intel(R) PRO/1000 Network Driver - version 7.3.21-k8-NAPI
[    2.606750] e1000: Copyright (c) 1999-2006 Intel Corporation.
[    2.627726] Fusion MPT base driver 3.04.20
[    2.632830] Copyright (c) 1999-2008 LSI Corporation
[    2.647196] Fusion MPT SPI Host driver 3.04.20
[    2.686514] AVX version of gcm_enc/dec engaged.
[    2.691656] AES CTR mode by8 optimization enabled
[    2.828318] input: ImExPS/2 Generic Explorer Mouse as /devices/platform/i8042/serio1/input/input4
[    3.736005] e1000 0000:00:03.0 eth0: (PCI:33MHz:32-bit) 02:98:c6:81:17:55
[    3.743037] e1000 0000:00:03.0 eth0: Intel(R) PRO/1000 Network Connection
[    3.750554] mptbase: ioc0: Initiating bringup
[    4.421747] ioc0: LSI53C1030 A0: Capabilities={Initiator}
[    6.003025] scsi host2: ioc0: LSI53C1030 A0, FwRev=00000000h, Ports=1, MaxQ=256, IRQ=20
[    7.801006] scsi 2:0:0:0: Direct-Access     VBOX     HARDDISK         1.0  PQ: 0 ANSI: 5
[    7.809272] scsi target2:0:0: Beginning Domain Validation
[    7.816505] scsi target2:0:0: Domain Validation skipping write tests
[    7.821947] scsi target2:0:0: Ending Domain Validation
[    7.826566] scsi target2:0:0: asynchronous
[    7.836293] scsi 2:0:1:0: Direct-Access     VBOX     HARDDISK         1.0  PQ: 0 ANSI: 5
[    7.855363] scsi target2:0:1: Beginning Domain Validation
[    7.862559] scsi target2:0:1: Domain Validation skipping write tests
[    7.868516] scsi target2:0:1: Ending Domain Validation
[    7.873445] scsi target2:0:1: asynchronous
[    7.897129] sd 2:0:0:0: Attached scsi generic sg0 type 0
[    7.902448] sd 2:0:0:0: [sda] 20971520 512-byte logical blocks: (10.7 GB/10.0 GiB)
[    7.910316] sd 2:0:1:0: Attached scsi generic sg1 type 0
[    7.915760] sd 2:0:1:0: [sdb] 20480 512-byte logical blocks: (10.5 MB/10.0 MiB)
[    7.922964] sd 2:0:0:0: [sda] Write Protect is off
[    7.927997] sd 2:0:0:0: [sda] Incomplete mode parameter data
[    7.933344] sd 2:0:0:0: [sda] Assuming drive cache: write through
[    7.939127] sd 2:0:1:0: [sdb] Write Protect is off
[    7.944050] sd 2:0:1:0: [sdb] Incomplete mode parameter data
[    7.949491] sd 2:0:1:0: [sdb] Assuming drive cache: write through
[    7.959829]  sda: sda1
[    7.964080] sd 2:0:0:0: [sda] Attached SCSI disk
[    7.971263] sd 2:0:1:0: [sdb] Attached SCSI disk
[    8.615044] e1000 0000:00:08.0 eth1: (PCI:33MHz:32-bit) 08:00:27:a4:9a:ae
[    8.621684] e1000 0000:00:08.0 eth1: Intel(R) PRO/1000 Network Connection
[    8.629669] e1000 0000:00:03.0 enp0s3: renamed from eth0
[    8.648178] e1000 0000:00:08.0 enp0s8: renamed from eth1
Begin: Loading essential drivers ... [   10.096086] md: linear personality registered for level -1
[   10.104196] md: multipath personality registered for level -4
[   10.112443] md: raid0 personality registered for level 0
[   10.122713] md: raid1 personality registered for level 1
[   10.209577] raid6: sse2x1   gen()  9271 MB/s
[   10.279975] raid6: sse2x1   xor()  6366 MB/s
[   10.347961] raid6: sse2x2   gen()  8903 MB/s
[   10.416079] raid6: sse2x2   xor()  6534 MB/s
[   10.485154] raid6: sse2x4   gen() 12167 MB/s
[   10.557968] raid6: sse2x4   xor()  9379 MB/s
[   10.562001] raid6: using algorithm sse2x4 gen() 12167 MB/s
[   10.566908] raid6: .... xor() 9379 MB/s, rmw enabled
[   10.571339] raid6: using ssse3x2 recovery algorithm
[   10.577612] xor: automatically using best checksumming function:
[   10.620114]    avx       : 20508.000 MB/sec
[   10.625508] async_tx: api initialized (async)
[   10.643923] md: raid6 personality registered for level 6
[   10.648961] md: raid5 personality registered for level 5
[   10.653793] md: raid4 personality registered for level 4
[   10.666998] md: raid10 personality registered for level 10
done.
Begin: Running /scripts/init-premount ... done.
Begin: Mounting root file system ... Begin: Running /scripts/local-top ... done.
Begin: Running /scripts/local-premount ... [   10.704843] Btrfs loaded
Scanning for Btrfs filesystems
done.
Warning: fsck not present, so skipping root file system
[   10.779368] EXT4-fs (sda1): INFO: recovery required on readonly filesystem
[   10.785888] EXT4-fs (sda1): write access will be enabled during recovery
[   10.835280] EXT4-fs (sda1): orphan cleanup on readonly fs
[   10.858522] EXT4-fs (sda1): 1 orphan inode deleted
[   10.863230] EXT4-fs (sda1): recovery complete
[   10.868532] EXT4-fs (sda1): mounted filesystem with ordered data mode. Opts: (null)
done.
Begin: Running /scripts/local-bottom ... done.
Begin: Running /scripts/init-bottom ... done.
[   11.549459] systemd[1]: systemd 229 running in system mode. (+PAM +AUDIT +SELINUX +IMA +APPARMOR +SMACK +SYSVINIT +UTMP +LIBCRYPTSETUP +GCRYPT +GNUTLS +ACL +XZ -LZ4 +SECCOMP +BLKID +ELFUTILS +KMOD -IDN)
[   11.567346] systemd[1]: Detected virtualization oracle.
[   11.572394] systemd[1]: Detected architecture x86-64.

Welcome to [1mUbuntu 16.04.7 LTS[0m!

[   11.615765] systemd[1]: Set hostname to <convert>.
[   12.328196] systemd[1]: Started Forward Password Requests to Wall Directory Watch.
[[0;32m  OK  [0m] Started Forward Password Requests to Wall Directory Watch.
[   12.344318] systemd[1]: Reached target Encrypted Volumes.
[[0;32m  OK  [0m] Reached target Encrypted Volumes.
[   12.356333] systemd[1]: Reached target System Time Synchronized.
[[0;32m  OK  [0m] Reached target System Time Synchronized.
[   12.368778] systemd[1]: Listening on LVM2 metadata daemon socket.
[[0;32m  OK  [0m] Listening on LVM2 metadata daemon socket.
[   12.380716] systemd[1]: Listening on udev Kernel Socket.
[[0;32m  OK  [0m] Listening on udev Kernel Socket.
[   12.392788] systemd[1]: Listening on Journal Socket.
[[0;32m  OK  [0m] Listening on Journal Socket.
[   12.404437] systemd[1]: Listening on Journal Audit Socket.
[[0;32m  OK  [0m] Listening on Journal Audit Socket.
[   12.416317] systemd[1]: Listening on Syslog Socket.
[[0;32m  OK  [0m] Listening on Syslog Socket.
[   12.428354] systemd[1]: Listening on udev Control Socket.
[[0;32m  OK  [0m] Listening on udev Control Socket.
[   12.440335] systemd[1]: Listening on Device-mapper event daemon FIFOs.
[[0;32m  OK  [0m] Listening on Device-mapper event daemon FIFOs.
[   12.452696] systemd[1]: Listening on LVM2 poll daemon socket.
[[0;32m  OK  [0m] Listening on LVM2 poll daemon socket.
[   12.464411] systemd[1]: Set up automount Arbitrary Executable File Formats File System Automount Point.
[[0;32m  OK  [0m] Set up automount Arbitrary Executab...ats File System Automount Point.
[   12.480723] systemd[1]: Reached target User and Group Name Lookups.
[[0;32m  OK  [0m] Reached target User and Group Name Lookups.
[   12.493010] systemd[1]: Created slice System Slice.
[[0;32m  OK  [0m] Created slice System Slice.
[   12.520711] systemd[1]: Starting Create list of required static device nodes for the current kernel...
         Starting Create list of required st... nodes for the current kernel...
[   12.541415] systemd[1]: Starting Nameserver information manager...
         Starting Nameserver information manager...
[   12.557199] systemd[1]: Starting Monitoring of LVM2 mirrors, snapshots etc. using dmeventd or progress polling...
         Starting Monitoring of LVM2 mirrors... dmeventd or progress polling...
[   12.577198] systemd[1]: Mounting POSIX Message Queue File System...
         Mounting POSIX Message Queue File System...
[   12.593384] systemd[1]: Mounting Huge Pages File System...
         Mounting Huge Pages File System...
[   12.605391] systemd[1]: Starting Set console keymap...
         Starting Set console keymap...
[   12.621522] systemd[1]: Starting Remount Root and Kernel File Systems...
         Starting Remount Root and Kernel File Systems...
[   12.638843] systemd[1]: Created slice system-serial\x2dgetty.slice.
[[0;32m  OK  [0m] Created slice system-serial\x2dgetty.slice.
[   12.650259] EXT4-fs (sda1): re-mounted. Opts: (null)
[   12.676179] systemd[1]: Starting Uncomplicated firewall...
         Starting Uncomplicated firewall...
[   12.688749] systemd[1]: Created slice User and Session Slice.
[[0;32m  OK  [0m] Created slice User and Session Slice.
[   12.697247] systemd[1]: Reached target Slices.
[[0;32m  OK  [0m] Reached target Slices.
[   12.708649] systemd[1]: Listening on /dev/initctl Compatibility Named Pipe.
[[0;32m  OK  [0m] Listening on /dev/initctl Compatibility Named Pipe.
[   12.736163] systemd[1]: Mounting Debug File System...
         Mounting Debug File System...
[   12.748669] systemd[1]: Listening on Journal Socket (/dev/log).
[[0;32m  OK  [0m] Listening on Journal Socket (/dev/log).
[   12.772649] systemd[1]: Starting Journal Service...
         Starting Journal Service...
[   12.784395] systemd[1]: Reached target Swap.
[[0;32m  OK  [0m] Reached target Swap.
[   12.816325] systemd[1]: Starting Load Kernel Modules...
         Starting Load Kernel Modules...
[   12.828643] systemd[1]: Started Trigger resolvconf update for networkd DNS.
[[0;32m  OK  [0m] Started Trigger resolvconf update for networkd DNS.
[   12.843691] systemd[1]: Mounted Huge Pages File System.
[[0;32m  OK  [0m] Mounted Huge Pages File System.
[   12.851387] systemd[1]: Mounted POSIX Message Queue File System.
[[0;32m  OK  [0m] Mounted POSIX Message Queue File System.
[   12.859039] Loading iSCSI transport class v2.0-870.
[   12.864283] systemd[1]: Mounted Debug File System.
[[0;32m  OK  [0m] Mounted Debug File System.
[   12.880501] systemd[1]: Started Journal Service.
[[0;32m  OK  [0m] Started Journal Service.
[   12.885925] iscsi: registered transport (tcp)
[[0;32m  OK  [0m] Started Create list of required sta...ce nodes for the current kernel.
[[0;32m  OK  [0m] Started Set console keymap.
[[0;32m  OK  [0m] Started Remount Root and Kernel File Systems.
[[0;32m  OK  [0m] Started Uncomplicated firewall.
[[0;32m  OK  [0m] Started Nameserver information manager.
[[0;32m  OK  [0m] Started LVM2 metadata daemon.
[   12.950740] iscsi: registered transport (iser)
         Starting udev Coldplug all Devices...
         Starting Load/Save Random Seed...
         Starting Create Static Device Nodes in /dev...
         Starting Flush Journal to Persistent Storage...
[[0;32m  OK  [0m] Started Load Kernel Modules.
[[0;32m  OK  [0m] Started Load/Save Random Seed.
         Starting Apply Kernel V[   13.027996] random: nonblocking pool is initialized
ariables...
         Mounting FUSE Control File System...
[[0;32m  OK  [0m] Mounted FUSE Control File System.
[   13.054836] systemd-journald[400]: Received request to flush runtime journal from PID 1
[[0;32m  OK  [0m] Started Flush Journal to Persistent Storage.
[[0;32m  OK  [0m] Started udev Coldplug all Devices.
[[0;32m  OK  [0m] Started Apply Kernel Variables.
[[0;32m  OK  [0m] Started Create Static Device Nodes in /dev.
[[0;32m  OK  [0m] Started Monitoring of LVM2 mirrors,...ng dmeventd or progress polling.
[[0;32m  OK  [0m] Reached target Local File Systems (Pre).
[[0;32m  OK  [0m] Reached target Local File Systems.
         Starting Tell Plymouth To Write Out Runtime Data...
         Starting LSB: AppArmor initialization...
         Starting Create Volatile Files and Directories...
         Starting Set console font and keymap...
         Starting Initial cloud-init job (pre-networking)...
         Starting udev Kernel Device Manager...
[[0;32m  OK  [0m] Started Tell Plymouth To Write Out Runtime Data.
[[0;32m  OK  [0m] Started Create Volatile Files and Directories.
         Starting Update UTMP about System Boot/Shutdown...
[[0;32m  OK  [0m] Started Update UTMP about System Boot/Shutdown.
[[0;32m  OK  [0m] Started udev Kernel Device Manager.
[[0;32m  OK  [0m] Started Dispatch Password Requests to Console Directory Watch.
[[0;32m  OK  [0m] Started LSB: AppArmor initialization.
         Starting Load AppArmor profiles managed internally by snapd...
[[0;32m  OK  [0m] Started Load AppArmor profiles managed internally by snapd.
[[0;32m  OK  [0m] Found device /dev/ttyS0.
[[0;32m  OK  [0m] Listening on Load/Save RF Kill Switch Status /dev/rfkill Watch.
[[0;32m  OK  [0m] Started Set console font and keymap.
[[0;32m  OK  [0m] Created slice system-getty.slice.
[[0;32m  OK  [0m] Found device 82540EM Gigabit Ethern...r (PRO/1000 MT Desktop Adapter).
[[0;32m  OK  [0m] Found device 82540EM Gigabit Ethern...r (PRO/1000 MT Desktop Adapter).
[   15.158813] cloud-init[479]: Cloud-init v. 20.2-45-g5f7825e2-0ubuntu1~16.04.1 running 'init-local' at Mon, 02 Nov 2020 07:46:01 +0000. Up 14.66 seconds.
[[0;32m  OK  [0m] Started Initial cloud-init job (pre-networking).
[[0;32m  OK  [0m] Reached target Network (Pre).
         Starting Raise network interfaces...
[[0;32m  OK  [0m] Started ifup for enp0s8.
[[0;32m  OK  [0m] Started ifup for enp0s3.
[[0;32m  OK  [0m] Started Raise network interfaces.
[[0;32m  OK  [0m] Reached target Network.
         Starting Initial cloud-init job (metadata service crawler)...
[   16.217326] cloud-init[1077]: Cloud-init v. 20.2-45-g5f7825e2-0ubuntu1~16.04.1 running 'init' at Mon, 02 Nov 2020 07:46:02 +0000. Up 15.80 seconds.
[   16.224717] cloud-init[1077]: ci-info: ++++++++++++++++++++++++++++++++++++++Net device info+++++++++++++++++++++++++++++++++++++++
[   16.232976] cloud-init[1077]: ci-info: +--------+------+-----------------------------+---------------+--------+-------------------+
[   16.240594] cloud-init[1077]: ci-info: | Device |  Up  |           Address           |      Mask     | Scope  |     Hw-Address    |
[   16.249009] cloud-init[1077]: ci-info: +--------+------+-----------------------------+---------------+--------+-------------------+
[   16.256912] cloud-init[1077]: ci-info: | enp0s3 | True |          10.0.2.15          | 255.255.255.0 | global | 02:98:c6:81:17:55 |
[   16.264949] cloud-init[1077]: ci-info: | enp0s3 | True |  fe80::98:c6ff:fe81:1755/64 |       .       |  link  | 02:98:c6:81:17:55 |
[   16.276485] cloud-init[1077]: ci-info: | enp0s8 | True |         192.168.2.13        | 255.255.255.0 | global | 08:00:27:a4:9a:ae |
[[0;32m  OK  [0m] Started Initial cloud-init job (metadata service crawler).
[   16.276799] cloud-init[1077]: ci-info: | enp0s8 | True | fe80::a00:27ff:fea4:9aae/64 |       .       |  link  | 08:00:27:a4:9a:ae |
[   16.296922] cloud-init[1077]: ci-info: |   lo   | True |          127.0.0.1          |   255.0.0.0   |  host  |         .         |
[[0;32m  OK  [0m] Reached target Cloud-config availability.
[[   16.297397] [0;32m  OK  [0mcloud-init] [1077]: Reached target System Initialization.ci-info: |   lo   | True |           ::1/128           |       .       |  host  |         .         |

[[   16.311166] [0;32m  OK  [0mcloud-init] [1077]: Started Message of the Day.ci-info: +--------+------+-----------------------------+---------------+--------+-------------------+

[   16.324450] cloud-init[1077]: ci-info: +++++++++++++++++++++++++++Route IPv4 info++++++++++++++++++++++++++++
[   16.324804] cloud-init[1077]: ci-info: +-------+-------------+----------+---------------+-----------+-------+
[[0;32m  OK  [0m] Listening on ACPID Listen Socket.
[[   16.324905] cloud-init[1077]: ci-info: | Route | Destination | Gateway  |    Genmask    | Interface | Flags |
[0;32m  OK  [0m] Listening on UUID daemon activation socket.
[   16.332923] cloud-init[1077]: ci-info: +-------+-------------+----------+---------------+-----------+-------+
[   16.352469] cloud-init[1077]: ci-info: |   0   |   0.0.0.0   | 10.0.2.2 |    0.0.0.0    |   enp0s3  |   UG  |
[   16.352875] cloud-init[1077]: ci-info: |   1   |   10.0.2.0  | 0.0.0.0  | 255.255.255.0 |   enp0s3  |   U   |
         Starting LXD - unix socket.
[   16.353035] cloud-init[1077]: ci-info: |   2   | 192.168.2.0 | 0.0.0.0  | 255.255.255.0 |   enp0s8  |   U   |
[   16.360764] cloud-init[1077]: ci-info: +-------+-------------+----------+---------------+-----------+-------+
[[0;32m  OK  [0m] Listening on D-Bus System Message Bus Socket.
[   16.360935] cloud-init[1077]: ci-info: +++++++++++++++++++Route IPv6 info+++++++++++++++++++
[   16.372707] cloud-init[1077]: ci-info: +-------+-------------+---------+-----------+-------+
[[0;32m  OK  [0m] Started Daily Cleanup of Temporary Directories.
[   16.384452] cloud-init[1077]: ci-info: | Route | Destination | Gateway | Interface | Flags |
[   16.385111] cloud-init[1077]: ci-info: +-------+-------------+---------+-----------+-------+
         Starting Socket activation for snappy daemon.
[   16.385228] cloud-init[1077]: ci-info: |   0   |  fe80::/64  |    ::   |   enp0s8  |   U   |
[   16.400816] cloud-init[1077]: ci-info: |   1   |  fe80::/64  |    ::   |   enp0s3  |   U   |
[   16.401148] cloud-init[1077]: ci-info: |   4   |   ff00::/8  |    ::   |   enp0s8  |   U   |
[[0;32m  OK  [0m] Started ACPI Events Check.
[   16.401279] cloud-init[1077]: ci-info: |   5   |   ff00::/8  |    ::   |   enp0s3  |   U   |
[[0;32m  OK  [0m] Reached target Paths.
[   16.412901] cloud-init[1077]: ci-info: +-------+-------------+---------+-----------+-------+
[[0;32m  OK  [0m] Started Daily apt download activities.
[[0;32m  OK  [0m] Started Daily apt upgrade and clean activities.
[[0;32m  OK  [0m] Reached target Timers.
[[0;32m  OK  [0m] Reached target Network is Online.
         Starting iSCSI initiator daemon (iscsid)...
[[0;32m  OK  [0m] Listening on LXD - unix socket.
[[0;32m  OK  [0m] Listening on Socket activation for snappy daemon.
[[0;32m  OK  [0m] Reached target Sockets.
[[0;32m  OK  [0m] Reached target Basic System.
         Starting /etc/rc.local Compatibility...
[[0;32m  OK  [0m] Started Deferred execution scheduler.
         Starting Accounts Service...
         Starting System Logging Service...
         Starting Message of the Day...
         Starting LSB: MD monitoring daemon...
         Starting vboxadd.service...
         Starting LSB: Record successful boot for GRUB...
[[0;32m  OK  [0m] Started ACPI event daemon.
[[0;32m  OK  [0m] Started D-Bus System Message Bus.
         Starting OpenBSD Secure Shell server...
         Starting Login Service...
[[0;32m  OK  [0m] Started FUSE filesystem for LXC.
[[0;32m  OK  [0m] Started Regular background program processing daemon.
         Starting Snap Daemon...
         Starting LXD - container startup/shutdown...
[[0;32m  OK  [0m] Started System Logging Service.
[[0;32m  OK  [0m] Started iSCSI initiator daemon (iscsid).
[[0;32m  OK  [0m] Started /etc/rc.local Compatibility.
         Starting Authenticate and Authorize Users to Run Privileged Tasks...
         Starting Login to default iSCSI targets...
[[0;32m  OK  [0m] Started Login Service.
[[0;32m  OK  [0m] Started Unattended Upgrades Shutdown.
[[0;32m  OK  [0m] Started LSB: Record successful boot for GRUB.
[[0;32m  OK  [0m] Started LSB: MD monitoring daemon.
[[0;32m  OK  [0m] Started Login to default iSCSI targets.
[[0;32m  OK  [0m] Reached target Remote File Systems (Pre).
[[0;32m  OK  [0m] Reached target Remote File Systems.
         Starting LSB: Set the CPU Frequency Scaling governor to "ondemand"...
         Starting Permit User Sessions...
         Starting LSB: automatic crash report generation...
         Starting LSB: Apache2 web server...
         Starting LSB: daemon to balance interrupts for SMP systems...
[[0;32m  OK  [0m] Started OpenBSD Secure Shell server.
[[0;32m  OK  [0m] Started Permit User Sessions.
[[0;32m  OK  [0m] Started Authenticate and Authorize Users to Run Privileged Tasks.
[[0;32m  OK  [0m] Started Accounts Service.
         Starting Hold until boot process finishes up...
         Starting Terminate Plymouth Boot Screen...
[[0;32m  OK  [0m] Started Hold until boot process finishes up.
[[0;32m  OK  [0m] Started Terminate Plymouth Boot Screen.
         Starting Set console scheme...
[[0;32m  OK  [0m] Started Serial Getty on ttyS0.
[[0;32m  OK  [0m] Started Getty on tty1.
[[0;32m  OK  [0m] Reached target Login Prompts.
[[0;32m  OK  [0m] Started LSB: Set the CPU Frequency Scaling governor to "ondemand".
[[0;32m  OK  [0m] Started Set console scheme.
[[0;32m  OK  [0m] Started LSB: daemon to balance interrupts for SMP systems.
[[0;32m  OK  [0m] Started LSB: automatic crash report generation.
[[0;32m  OK  [0m] Started LXD - container startup/shutdown.
[[0;32m  OK  [0m] Started Snap Daemon.
         Starting Wait until snapd is fully seeded...
[[0;32m  OK  [0m] Started Wait until snapd is fully seeded.
         Starting Apply the settings specified in cloud-config...
[   18.945285] cloud-init[1374]: Cloud-init v. 20.2-45-g5f7825e2-0ubuntu1~16.04.1 running 'modules:config' at Mon, 02 Nov 2020 07:46:05 +0000. Up 18.73 seconds.
[[0;32m  OK  [0m] Started Apply the settings specified in cloud-config.
[[0;32m  OK  [0m] Started LSB: Apache2 web server.
[[0;32m  OK  [0m] Started Message of the Day.
[[0;32m  OK  [0m] Started vboxadd.service.
         Starting vboxadd-service.service...
[[0;32m  OK  [0m] Started vboxadd-service.service.
[[0;32m  OK  [0m] Reached target Multi-User System.
         Starting Execute cloud user/final scripts...
[[0;32m  OK  [0m] Reached target Graphical Interface.
         Starting Update UTMP about System Runlevel Changes...
[[0;32m  OK  [0m] Started Update UTMP about System Runlevel Changes.
[   21.454512] cloud-init[1483]: Cloud-init v. 20.2-45-g5f7825e2-0ubuntu1~16.04.1 running 'modules:final' at Mon, 02 Nov 2020 07:46:08 +0000. Up 21.31 seconds.
[   21.464586] cloud-init[1483]: Cloud-init v. 20.2-45-g5f7825e2-0ubuntu1~16.04.1 finished at Mon, 02 Nov 2020 07:46:08 +0000. Datasource DataSourceNoCloud [seed=/dev/sdb][dsmode=net].  Up 21.44 seconds
[[0;32m  OK  [0m] Started Execute cloud user/final scripts.
[[0;32m  OK  [0m] Reached target Cloud-init target.
         Starting Daily apt download activities...

Ubuntu 16.04.7 LTS convert ttyS0

convert login: 